[2025-05-18 10:04:37-product_crawl.py][run_crawl_task-550]--Background task started for job ID: 3425c297-c13f-460e-8a19-110bf6a7f940, URL: https://www.amazon.com/dp/B08N5WRWNW
[2025-05-18 10:04:37-product_crawl.py][log-196]--Starting crawl for single product: https://www.amazon.com/dp/B08N5WRWNW
[2025-05-18 10:04:37-product_crawl.py][_init_browser-80]--Initializing browser...
[2025-05-18 10:04:37-product_crawl.py][_init_browser-97]--Operating System: linux
[2025-05-18 10:04:37-product_crawl.py][_init_browser-173]--No suitable local ChromeDriver found or specified. Attempting automatic download by Selenium Manager...
[2025-05-18 10:04:37-product_crawl.py][_init_browser-176]--Using automatically managed ChromeDriver.
[2025-05-18 10:04:37-product_crawl.py][_init_browser-179]--Browser initialized successfully.
[2025-05-18 10:05:28-product_crawl.py][log-198]--Timeout loading product page: https://www.amazon.com/dp/B08N5WRWNW
[2025-05-18 10:05:28-product_crawl.py][log-196]--Screenshot saved to /root/crossboarder/logs_api/timeout_20250518-100528_NO_ASIN.png on timeout.
[2025-05-18 10:05:28-product_crawl.py][log-200]--Product title not found for https://www.amazon.com/dp/B08N5WRWNW
[2025-05-18 10:05:28-product_crawl.py][log-200]--Price not found for https://www.amazon.com/dp/B08N5WRWNW
[2025-05-18 10:05:28-product_crawl.py][log-200]--Brand name not found for https://www.amazon.com/dp/B08N5WRWNW
[2025-05-18 10:05:28-product_crawl.py][log-196]--Successfully extracted details for: https://www.amazon.com/dp/B08N5WRWNW
[2025-05-18 10:05:28-product_crawl.py][log-196]--Browser quit successfully.
[2025-05-18 10:05:28-product_crawl.py][run_crawl_task-564]--Job ID: 3425c297-c13f-460e-8a19-110bf6a7f940 completed successfully.
[2025-05-18 10:05:28-product_crawl.py][run_crawl_task-582]--Background task finished for job ID: 3425c297-c13f-460e-8a19-110bf6a7f940, Status: completed
[2025-05-18 10:05:32-product_crawl.py][run_crawl_task-550]--Background task started for job ID: 53c2a875-2beb-453e-a17b-562b03ba013d, URL: https://www.amazon.com/dp/B08N5WRWNW
[2025-05-18 10:05:32-product_crawl.py][log-196]--Starting crawl for single product: https://www.amazon.com/dp/B08N5WRWNW
[2025-05-18 10:05:32-product_crawl.py][_init_browser-80]--Initializing browser...
[2025-05-18 10:05:32-product_crawl.py][_init_browser-97]--Operating System: linux
[2025-05-18 10:05:32-product_crawl.py][_init_browser-173]--No suitable local ChromeDriver found or specified. Attempting automatic download by Selenium Manager...
[2025-05-18 10:05:32-product_crawl.py][_init_browser-176]--Using automatically managed ChromeDriver.
[2025-05-18 10:05:32-product_crawl.py][_init_browser-179]--Browser initialized successfully.
[2025-05-18 10:06:23-product_crawl.py][log-198]--Timeout loading product page: https://www.amazon.com/dp/B08N5WRWNW
[2025-05-18 10:06:23-product_crawl.py][log-196]--Screenshot saved to /root/crossboarder/logs_api/timeout_20250518-100623_NO_ASIN.png on timeout.
[2025-05-18 10:06:23-product_crawl.py][log-200]--Product title not found for https://www.amazon.com/dp/B08N5WRWNW
[2025-05-18 10:06:23-product_crawl.py][log-200]--Price not found for https://www.amazon.com/dp/B08N5WRWNW
[2025-05-18 10:06:23-product_crawl.py][log-200]--Brand name not found for https://www.amazon.com/dp/B08N5WRWNW
[2025-05-18 10:06:23-product_crawl.py][log-196]--Successfully extracted details for: https://www.amazon.com/dp/B08N5WRWNW
[2025-05-18 10:06:23-product_crawl.py][log-196]--Browser quit successfully.
[2025-05-18 10:06:23-product_crawl.py][run_crawl_task-564]--Job ID: 53c2a875-2beb-453e-a17b-562b03ba013d completed successfully.
[2025-05-18 10:06:23-product_crawl.py][run_crawl_task-582]--Background task finished for job ID: 53c2a875-2beb-453e-a17b-562b03ba013d, Status: completed
[2025-05-18 10:06:56-product_crawl.py][run_crawl_task-550]--Background task started for job ID: 1ce9b267-23c2-4a8a-b5d0-1a64cddd9439, URL: https://www.amazon.com/dp/B08N5WRWNW
[2025-05-18 10:06:56-product_crawl.py][log-196]--Starting crawl for single product: https://www.amazon.com/dp/B08N5WRWNW
[2025-05-18 10:06:56-product_crawl.py][_init_browser-80]--Initializing browser...
[2025-05-18 10:06:56-product_crawl.py][_init_browser-97]--Operating System: linux
[2025-05-18 10:06:56-product_crawl.py][_init_browser-173]--No suitable local ChromeDriver found or specified. Attempting automatic download by Selenium Manager...
[2025-05-18 10:06:57-product_crawl.py][_init_browser-176]--Using automatically managed ChromeDriver.
[2025-05-18 10:06:57-product_crawl.py][_init_browser-179]--Browser initialized successfully.
[2025-05-18 10:07:03-product_crawl.py][run_crawl_task-550]--Background task started for job ID: 4069a7ce-5b8c-4bd1-9440-2cc6422d440c, URL: https://www.amazon.com/dp/B08N5WRWNW
[2025-05-18 10:07:03-product_crawl.py][log-196]--Starting crawl for single product: https://www.amazon.com/dp/B08N5WRWNW
[2025-05-18 10:07:03-product_crawl.py][_init_browser-80]--Initializing browser...
[2025-05-18 10:07:03-product_crawl.py][_init_browser-97]--Operating System: linux
[2025-05-18 10:07:03-product_crawl.py][_init_browser-173]--No suitable local ChromeDriver found or specified. Attempting automatic download by Selenium Manager...
[2025-05-18 10:07:04-product_crawl.py][_init_browser-176]--Using automatically managed ChromeDriver.
[2025-05-18 10:07:04-product_crawl.py][_init_browser-179]--Browser initialized successfully.
[2025-05-18 10:07:48-product_crawl.py][log-198]--Timeout loading product page: https://www.amazon.com/dp/B08N5WRWNW
[2025-05-18 10:07:48-product_crawl.py][log-196]--Screenshot saved to /root/crossboarder/logs_api/timeout_20250518-100748_NO_ASIN.png on timeout.
[2025-05-18 10:07:48-product_crawl.py][log-200]--Product title not found for https://www.amazon.com/dp/B08N5WRWNW
[2025-05-18 10:07:48-product_crawl.py][log-200]--Price not found for https://www.amazon.com/dp/B08N5WRWNW
[2025-05-18 10:07:48-product_crawl.py][log-200]--Brand name not found for https://www.amazon.com/dp/B08N5WRWNW
[2025-05-18 10:07:48-product_crawl.py][log-196]--Successfully extracted details for: https://www.amazon.com/dp/B08N5WRWNW
[2025-05-18 10:07:48-product_crawl.py][log-196]--Browser quit successfully.
[2025-05-18 10:07:48-product_crawl.py][run_crawl_task-564]--Job ID: 1ce9b267-23c2-4a8a-b5d0-1a64cddd9439 completed successfully.
[2025-05-18 10:07:48-product_crawl.py][run_crawl_task-582]--Background task finished for job ID: 1ce9b267-23c2-4a8a-b5d0-1a64cddd9439, Status: completed
[2025-05-18 10:07:55-product_crawl.py][log-198]--Timeout loading product page: https://www.amazon.com/dp/B08N5WRWNW
[2025-05-18 10:07:55-product_crawl.py][log-196]--Screenshot saved to /root/crossboarder/logs_api/timeout_20250518-100755_NO_ASIN.png on timeout.
[2025-05-18 10:07:55-product_crawl.py][log-200]--Product title not found for https://www.amazon.com/dp/B08N5WRWNW
[2025-05-18 10:07:55-product_crawl.py][log-200]--Price not found for https://www.amazon.com/dp/B08N5WRWNW
[2025-05-18 10:07:55-product_crawl.py][log-200]--Brand name not found for https://www.amazon.com/dp/B08N5WRWNW
[2025-05-18 10:07:55-product_crawl.py][log-196]--Successfully extracted details for: https://www.amazon.com/dp/B08N5WRWNW
[2025-05-18 10:07:55-product_crawl.py][log-196]--Browser quit successfully.
[2025-05-18 10:07:55-product_crawl.py][run_crawl_task-564]--Job ID: 4069a7ce-5b8c-4bd1-9440-2cc6422d440c completed successfully.
[2025-05-18 10:07:55-product_crawl.py][run_crawl_task-582]--Background task finished for job ID: 4069a7ce-5b8c-4bd1-9440-2cc6422d440c, Status: completed
