[2025-05-16 14:34:10-product_crawl.py][log-125]--Starting crawl for single product: https://www.amazon.com/-/zh/s?bbn=16225008011&rh=i%3Aspecialty-aps%2Cn%3A%2116225008011%2Cn%3A229563&ref_=nav_em__nav_desktop_sa_intl_education_reference_0_2_23_8
[2025-05-16 14:34:10-product_crawl.py][_init_browser-77]--Initializing browser...
[2025-05-16 14:34:10-product_crawl.py][_init_browser-106]--Using ChromeDriver from: /root/crossboarder/chromedriver-win64/chromedriver-win64/chromedriver.exe
[2025-05-16 14:34:10-product_crawl.py][_init_browser-117]--Browser initialization failed: Message: 'chromedriver.exe' executable may have wrong permissions.

[2025-05-16 14:34:10-product_crawl.py][_init_browser-118]--Traceback (most recent call last):
  File "/root/crossboarder/.venv/lib/python3.12/site-packages/selenium/webdriver/common/service.py", line 220, in _start_process
    self.process = subprocess.Popen(
                   ^^^^^^^^^^^^^^^^^
  File "/root/.local/share/uv/python/cpython-3.12.8-linux-x86_64-gnu/lib/python3.12/subprocess.py", line 1026, in __init__
    self._execute_child(args, executable, preexec_fn, close_fds,
  File "/root/.local/share/uv/python/cpython-3.12.8-linux-x86_64-gnu/lib/python3.12/subprocess.py", line 1955, in _execute_child
    raise child_exception_type(errno_num, err_msg, err_filename)
PermissionError: [Errno 13] Permission denied: '/root/crossboarder/chromedriver-win64/chromedriver-win64/chromedriver.exe'

The above exception was the direct cause of the following exception:

Traceback (most recent call last):
  File "/root/crossboarder/product_crawl.py", line 108, in _init_browser
    self.browser = webdriver.Chrome(service=service, options=chrome_options)
                   ^^^^^^^^^^^^^^^^^^^^^^^^^^^^^^^^^^^^^^^^^^^^^^^^^^^^^^^^^
  File "/root/crossboarder/.venv/lib/python3.12/site-packages/selenium/webdriver/chrome/webdriver.py", line 45, in __init__
    super().__init__(
  File "/root/crossboarder/.venv/lib/python3.12/site-packages/selenium/webdriver/chromium/webdriver.py", line 56, in __init__
    self.service.start()
  File "/root/crossboarder/.venv/lib/python3.12/site-packages/selenium/webdriver/common/service.py", line 109, in start
    self._start_process(self._path)
  File "/root/crossboarder/.venv/lib/python3.12/site-packages/selenium/webdriver/common/service.py", line 244, in _start_process
    raise WebDriverException(
selenium.common.exceptions.WebDriverException: Message: 'chromedriver.exe' executable may have wrong permissions.


[2025-05-16 14:34:10-product_crawl.py][log-127]--Critical error during crawl_one_product for https://www.amazon.com/-/zh/s?bbn=16225008011&rh=i%3Aspecialty-aps%2Cn%3A%2116225008011%2Cn%3A229563&ref_=nav_em__nav_desktop_sa_intl_education_reference_0_2_23_8: Message: 'chromedriver.exe' executable may have wrong permissions.

[2025-05-16 14:34:10-product_crawl.py][log-127]--Traceback (most recent call last):
  File "/root/crossboarder/.venv/lib/python3.12/site-packages/selenium/webdriver/common/service.py", line 220, in _start_process
    self.process = subprocess.Popen(
                   ^^^^^^^^^^^^^^^^^
  File "/root/.local/share/uv/python/cpython-3.12.8-linux-x86_64-gnu/lib/python3.12/subprocess.py", line 1026, in __init__
    self._execute_child(args, executable, preexec_fn, close_fds,
  File "/root/.local/share/uv/python/cpython-3.12.8-linux-x86_64-gnu/lib/python3.12/subprocess.py", line 1955, in _execute_child
    raise child_exception_type(errno_num, err_msg, err_filename)
PermissionError: [Errno 13] Permission denied: '/root/crossboarder/chromedriver-win64/chromedriver-win64/chromedriver.exe'

The above exception was the direct cause of the following exception:

Traceback (most recent call last):
  File "/root/crossboarder/product_crawl.py", line 438, in crawl_one_product
    self._init_browser() # Ensure browser is ready
    ^^^^^^^^^^^^^^^^^^^^
  File "/root/crossboarder/product_crawl.py", line 108, in _init_browser
    self.browser = webdriver.Chrome(service=service, options=chrome_options)
                   ^^^^^^^^^^^^^^^^^^^^^^^^^^^^^^^^^^^^^^^^^^^^^^^^^^^^^^^^^
  File "/root/crossboarder/.venv/lib/python3.12/site-packages/selenium/webdriver/chrome/webdriver.py", line 45, in __init__
    super().__init__(
  File "/root/crossboarder/.venv/lib/python3.12/site-packages/selenium/webdriver/chromium/webdriver.py", line 56, in __init__
    self.service.start()
  File "/root/crossboarder/.venv/lib/python3.12/site-packages/selenium/webdriver/common/service.py", line 109, in start
    self._start_process(self._path)
  File "/root/crossboarder/.venv/lib/python3.12/site-packages/selenium/webdriver/common/service.py", line 244, in _start_process
    raise WebDriverException(
selenium.common.exceptions.WebDriverException: Message: 'chromedriver.exe' executable may have wrong permissions.


[2025-05-16 14:34:31-product_crawl.py][log-125]--Starting crawl for single product: https://www.amazon.com/-/zh/s?bbn=16225008011&rh=i%3Aspecialty-aps%2Cn%3A%2116225008011%2Cn%3A229563&ref_=nav_em__nav_desktop_sa_intl_education_reference_0_2_23_8
[2025-05-16 14:34:31-product_crawl.py][_init_browser-77]--Initializing browser...
[2025-05-16 14:34:31-product_crawl.py][_init_browser-106]--Using ChromeDriver from: /root/crossboarder/chromedriver-win64/chromedriver-win64/chromedriver.exe
[2025-05-16 14:34:31-product_crawl.py][_init_browser-117]--Browser initialization failed: [Errno 8] Exec format error: '/root/crossboarder/chromedriver-win64/chromedriver-win64/chromedriver.exe'
[2025-05-16 14:34:31-product_crawl.py][_init_browser-118]--Traceback (most recent call last):
  File "/root/crossboarder/product_crawl.py", line 108, in _init_browser
    self.browser = webdriver.Chrome(service=service, options=chrome_options)
                   ^^^^^^^^^^^^^^^^^^^^^^^^^^^^^^^^^^^^^^^^^^^^^^^^^^^^^^^^^
  File "/root/crossboarder/.venv/lib/python3.12/site-packages/selenium/webdriver/chrome/webdriver.py", line 45, in __init__
    super().__init__(
  File "/root/crossboarder/.venv/lib/python3.12/site-packages/selenium/webdriver/chromium/webdriver.py", line 56, in __init__
    self.service.start()
  File "/root/crossboarder/.venv/lib/python3.12/site-packages/selenium/webdriver/common/service.py", line 109, in start
    self._start_process(self._path)
  File "/root/crossboarder/.venv/lib/python3.12/site-packages/selenium/webdriver/common/service.py", line 220, in _start_process
    self.process = subprocess.Popen(
                   ^^^^^^^^^^^^^^^^^
  File "/root/.local/share/uv/python/cpython-3.12.8-linux-x86_64-gnu/lib/python3.12/subprocess.py", line 1026, in __init__
    self._execute_child(args, executable, preexec_fn, close_fds,
  File "/root/.local/share/uv/python/cpython-3.12.8-linux-x86_64-gnu/lib/python3.12/subprocess.py", line 1955, in _execute_child
    raise child_exception_type(errno_num, err_msg, err_filename)
OSError: [Errno 8] Exec format error: '/root/crossboarder/chromedriver-win64/chromedriver-win64/chromedriver.exe'

[2025-05-16 14:34:31-product_crawl.py][log-127]--Critical error during crawl_one_product for https://www.amazon.com/-/zh/s?bbn=16225008011&rh=i%3Aspecialty-aps%2Cn%3A%2116225008011%2Cn%3A229563&ref_=nav_em__nav_desktop_sa_intl_education_reference_0_2_23_8: [Errno 8] Exec format error: '/root/crossboarder/chromedriver-win64/chromedriver-win64/chromedriver.exe'
[2025-05-16 14:34:31-product_crawl.py][log-127]--Traceback (most recent call last):
  File "/root/crossboarder/product_crawl.py", line 438, in crawl_one_product
    self._init_browser() # Ensure browser is ready
    ^^^^^^^^^^^^^^^^^^^^
  File "/root/crossboarder/product_crawl.py", line 108, in _init_browser
    self.browser = webdriver.Chrome(service=service, options=chrome_options)
                   ^^^^^^^^^^^^^^^^^^^^^^^^^^^^^^^^^^^^^^^^^^^^^^^^^^^^^^^^^
  File "/root/crossboarder/.venv/lib/python3.12/site-packages/selenium/webdriver/chrome/webdriver.py", line 45, in __init__
    super().__init__(
  File "/root/crossboarder/.venv/lib/python3.12/site-packages/selenium/webdriver/chromium/webdriver.py", line 56, in __init__
    self.service.start()
  File "/root/crossboarder/.venv/lib/python3.12/site-packages/selenium/webdriver/common/service.py", line 109, in start
    self._start_process(self._path)
  File "/root/crossboarder/.venv/lib/python3.12/site-packages/selenium/webdriver/common/service.py", line 220, in _start_process
    self.process = subprocess.Popen(
                   ^^^^^^^^^^^^^^^^^
  File "/root/.local/share/uv/python/cpython-3.12.8-linux-x86_64-gnu/lib/python3.12/subprocess.py", line 1026, in __init__
    self._execute_child(args, executable, preexec_fn, close_fds,
  File "/root/.local/share/uv/python/cpython-3.12.8-linux-x86_64-gnu/lib/python3.12/subprocess.py", line 1955, in _execute_child
    raise child_exception_type(errno_num, err_msg, err_filename)
OSError: [Errno 8] Exec format error: '/root/crossboarder/chromedriver-win64/chromedriver-win64/chromedriver.exe'

[2025-05-16 14:34:59-product_crawl.py][log-125]--Starting crawl for single product: https://www.amazon.com/-/zh/s?bbn=16225008011&rh=i%3Aspecialty-aps%2Cn%3A%2116225008011%2Cn%3A229563&ref_=nav_em__nav_desktop_sa_intl_education_reference_0_2_23_8
[2025-05-16 14:34:59-product_crawl.py][_init_browser-77]--Initializing browser...
[2025-05-16 14:34:59-product_crawl.py][_init_browser-106]--Using ChromeDriver from: /root/crossboarder/chromedriver-win64/chromedriver-win64/chromedriver.exe
[2025-05-16 14:34:59-product_crawl.py][_init_browser-117]--Browser initialization failed: [Errno 8] Exec format error: '/root/crossboarder/chromedriver-win64/chromedriver-win64/chromedriver.exe'
[2025-05-16 14:34:59-product_crawl.py][_init_browser-118]--Traceback (most recent call last):
  File "/root/crossboarder/product_crawl.py", line 108, in _init_browser
    self.browser = webdriver.Chrome(service=service, options=chrome_options)
                   ^^^^^^^^^^^^^^^^^^^^^^^^^^^^^^^^^^^^^^^^^^^^^^^^^^^^^^^^^
  File "/root/crossboarder/.venv/lib/python3.12/site-packages/selenium/webdriver/chrome/webdriver.py", line 45, in __init__
    super().__init__(
  File "/root/crossboarder/.venv/lib/python3.12/site-packages/selenium/webdriver/chromium/webdriver.py", line 56, in __init__
    self.service.start()
  File "/root/crossboarder/.venv/lib/python3.12/site-packages/selenium/webdriver/common/service.py", line 109, in start
    self._start_process(self._path)
  File "/root/crossboarder/.venv/lib/python3.12/site-packages/selenium/webdriver/common/service.py", line 220, in _start_process
    self.process = subprocess.Popen(
                   ^^^^^^^^^^^^^^^^^
  File "/root/.local/share/uv/python/cpython-3.12.8-linux-x86_64-gnu/lib/python3.12/subprocess.py", line 1026, in __init__
    self._execute_child(args, executable, preexec_fn, close_fds,
  File "/root/.local/share/uv/python/cpython-3.12.8-linux-x86_64-gnu/lib/python3.12/subprocess.py", line 1955, in _execute_child
    raise child_exception_type(errno_num, err_msg, err_filename)
OSError: [Errno 8] Exec format error: '/root/crossboarder/chromedriver-win64/chromedriver-win64/chromedriver.exe'

[2025-05-16 14:34:59-product_crawl.py][log-127]--Critical error during crawl_one_product for https://www.amazon.com/-/zh/s?bbn=16225008011&rh=i%3Aspecialty-aps%2Cn%3A%2116225008011%2Cn%3A229563&ref_=nav_em__nav_desktop_sa_intl_education_reference_0_2_23_8: [Errno 8] Exec format error: '/root/crossboarder/chromedriver-win64/chromedriver-win64/chromedriver.exe'
[2025-05-16 14:34:59-product_crawl.py][log-127]--Traceback (most recent call last):
  File "/root/crossboarder/product_crawl.py", line 438, in crawl_one_product
    self._init_browser() # Ensure browser is ready
    ^^^^^^^^^^^^^^^^^^^^
  File "/root/crossboarder/product_crawl.py", line 108, in _init_browser
    self.browser = webdriver.Chrome(service=service, options=chrome_options)
                   ^^^^^^^^^^^^^^^^^^^^^^^^^^^^^^^^^^^^^^^^^^^^^^^^^^^^^^^^^
  File "/root/crossboarder/.venv/lib/python3.12/site-packages/selenium/webdriver/chrome/webdriver.py", line 45, in __init__
    super().__init__(
  File "/root/crossboarder/.venv/lib/python3.12/site-packages/selenium/webdriver/chromium/webdriver.py", line 56, in __init__
    self.service.start()
  File "/root/crossboarder/.venv/lib/python3.12/site-packages/selenium/webdriver/common/service.py", line 109, in start
    self._start_process(self._path)
  File "/root/crossboarder/.venv/lib/python3.12/site-packages/selenium/webdriver/common/service.py", line 220, in _start_process
    self.process = subprocess.Popen(
                   ^^^^^^^^^^^^^^^^^
  File "/root/.local/share/uv/python/cpython-3.12.8-linux-x86_64-gnu/lib/python3.12/subprocess.py", line 1026, in __init__
    self._execute_child(args, executable, preexec_fn, close_fds,
  File "/root/.local/share/uv/python/cpython-3.12.8-linux-x86_64-gnu/lib/python3.12/subprocess.py", line 1955, in _execute_child
    raise child_exception_type(errno_num, err_msg, err_filename)
OSError: [Errno 8] Exec format error: '/root/crossboarder/chromedriver-win64/chromedriver-win64/chromedriver.exe'

[2025-05-16 14:39:26-product_crawl.py][log-125]--Starting crawl for single product: https://www.amazon.com/-/zh/s?bbn=16225008011&rh=i%3Aspecialty-aps%2Cn%3A%2116225008011%2Cn%3A229563&ref_=nav_em__nav_desktop_sa_intl_education_reference_0_2_23_8
[2025-05-16 14:39:26-product_crawl.py][_init_browser-77]--Initializing browser...
[2025-05-16 14:39:26-product_crawl.py][_init_browser-106]--Using ChromeDriver from: /root/crossboarder/chromedriver-win64/chromedriver-win64/chromedriver.exe
[2025-05-16 14:39:26-product_crawl.py][_init_browser-117]--Browser initialization failed: [Errno 8] Exec format error: '/root/crossboarder/chromedriver-win64/chromedriver-win64/chromedriver.exe'
[2025-05-16 14:39:26-product_crawl.py][_init_browser-118]--Traceback (most recent call last):
  File "/root/crossboarder/product_crawl.py", line 108, in _init_browser
    self.browser = webdriver.Chrome(service=service, options=chrome_options)
                   ^^^^^^^^^^^^^^^^^^^^^^^^^^^^^^^^^^^^^^^^^^^^^^^^^^^^^^^^^
  File "/root/crossboarder/.venv/lib/python3.12/site-packages/selenium/webdriver/chrome/webdriver.py", line 45, in __init__
    super().__init__(
  File "/root/crossboarder/.venv/lib/python3.12/site-packages/selenium/webdriver/chromium/webdriver.py", line 56, in __init__
    self.service.start()
  File "/root/crossboarder/.venv/lib/python3.12/site-packages/selenium/webdriver/common/service.py", line 109, in start
    self._start_process(self._path)
  File "/root/crossboarder/.venv/lib/python3.12/site-packages/selenium/webdriver/common/service.py", line 220, in _start_process
    self.process = subprocess.Popen(
                   ^^^^^^^^^^^^^^^^^
  File "/root/.local/share/uv/python/cpython-3.12.8-linux-x86_64-gnu/lib/python3.12/subprocess.py", line 1026, in __init__
    self._execute_child(args, executable, preexec_fn, close_fds,
  File "/root/.local/share/uv/python/cpython-3.12.8-linux-x86_64-gnu/lib/python3.12/subprocess.py", line 1955, in _execute_child
    raise child_exception_type(errno_num, err_msg, err_filename)
OSError: [Errno 8] Exec format error: '/root/crossboarder/chromedriver-win64/chromedriver-win64/chromedriver.exe'

[2025-05-16 14:39:26-product_crawl.py][log-127]--Critical error during crawl_one_product for https://www.amazon.com/-/zh/s?bbn=16225008011&rh=i%3Aspecialty-aps%2Cn%3A%2116225008011%2Cn%3A229563&ref_=nav_em__nav_desktop_sa_intl_education_reference_0_2_23_8: [Errno 8] Exec format error: '/root/crossboarder/chromedriver-win64/chromedriver-win64/chromedriver.exe'
[2025-05-16 14:39:26-product_crawl.py][log-127]--Traceback (most recent call last):
  File "/root/crossboarder/product_crawl.py", line 438, in crawl_one_product
    self._init_browser() # Ensure browser is ready
    ^^^^^^^^^^^^^^^^^^^^
  File "/root/crossboarder/product_crawl.py", line 108, in _init_browser
    self.browser = webdriver.Chrome(service=service, options=chrome_options)
                   ^^^^^^^^^^^^^^^^^^^^^^^^^^^^^^^^^^^^^^^^^^^^^^^^^^^^^^^^^
  File "/root/crossboarder/.venv/lib/python3.12/site-packages/selenium/webdriver/chrome/webdriver.py", line 45, in __init__
    super().__init__(
  File "/root/crossboarder/.venv/lib/python3.12/site-packages/selenium/webdriver/chromium/webdriver.py", line 56, in __init__
    self.service.start()
  File "/root/crossboarder/.venv/lib/python3.12/site-packages/selenium/webdriver/common/service.py", line 109, in start
    self._start_process(self._path)
  File "/root/crossboarder/.venv/lib/python3.12/site-packages/selenium/webdriver/common/service.py", line 220, in _start_process
    self.process = subprocess.Popen(
                   ^^^^^^^^^^^^^^^^^
  File "/root/.local/share/uv/python/cpython-3.12.8-linux-x86_64-gnu/lib/python3.12/subprocess.py", line 1026, in __init__
    self._execute_child(args, executable, preexec_fn, close_fds,
  File "/root/.local/share/uv/python/cpython-3.12.8-linux-x86_64-gnu/lib/python3.12/subprocess.py", line 1955, in _execute_child
    raise child_exception_type(errno_num, err_msg, err_filename)
OSError: [Errno 8] Exec format error: '/root/crossboarder/chromedriver-win64/chromedriver-win64/chromedriver.exe'

[2025-05-16 14:40:41-product_crawl.py][_init_browser-78]--Initializing browser...
[2025-05-16 14:40:41-product_crawl.py][_init_browser-107]--Using ChromeDriver from: /root/crossboarder/chromedriver-win64/chromedriver-win64/chromedriver.exe
[2025-05-16 14:40:41-product_crawl.py][_init_browser-118]--Browser initialization failed: [Errno 8] Exec format error: '/root/crossboarder/chromedriver-win64/chromedriver-win64/chromedriver.exe'
[2025-05-16 14:40:41-product_crawl.py][_init_browser-119]--Traceback (most recent call last):
  File "/root/crossboarder/product_crawl.py", line 109, in _init_browser
    self.browser = webdriver.Chrome(service=service, options=chrome_options)
                   ^^^^^^^^^^^^^^^^^^^^^^^^^^^^^^^^^^^^^^^^^^^^^^^^^^^^^^^^^
  File "/root/crossboarder/.venv/lib/python3.12/site-packages/selenium/webdriver/chrome/webdriver.py", line 45, in __init__
    super().__init__(
  File "/root/crossboarder/.venv/lib/python3.12/site-packages/selenium/webdriver/chromium/webdriver.py", line 56, in __init__
    self.service.start()
  File "/root/crossboarder/.venv/lib/python3.12/site-packages/selenium/webdriver/common/service.py", line 109, in start
    self._start_process(self._path)
  File "/root/crossboarder/.venv/lib/python3.12/site-packages/selenium/webdriver/common/service.py", line 220, in _start_process
    self.process = subprocess.Popen(
                   ^^^^^^^^^^^^^^^^^
  File "/root/.local/share/uv/python/cpython-3.12.8-linux-x86_64-gnu/lib/python3.12/subprocess.py", line 1026, in __init__
    self._execute_child(args, executable, preexec_fn, close_fds,
  File "/root/.local/share/uv/python/cpython-3.12.8-linux-x86_64-gnu/lib/python3.12/subprocess.py", line 1955, in _execute_child
    raise child_exception_type(errno_num, err_msg, err_filename)
OSError: [Errno 8] Exec format error: '/root/crossboarder/chromedriver-win64/chromedriver-win64/chromedriver.exe'

[2025-05-16 14:41:58-product_crawl.py][log-193]--Starting crawl for single product: https://www.amazon.com/-/zh/s?bbn=16225008011&rh=i%3Aspecialty-aps%2Cn%3A%2116225008011%2Cn%3A229563&ref_=nav_em__nav_desktop_sa_intl_education_reference_0_2_23_8
[2025-05-16 14:41:58-product_crawl.py][_init_browser-77]--Initializing browser...
[2025-05-16 14:41:58-product_crawl.py][log-195]--Critical error during crawl_one_product for https://www.amazon.com/-/zh/s?bbn=16225008011&rh=i%3Aspecialty-aps%2Cn%3A%2116225008011%2Cn%3A229563&ref_=nav_em__nav_desktop_sa_intl_education_reference_0_2_23_8: name 'platform' is not defined
[2025-05-16 14:41:58-product_crawl.py][log-195]--Traceback (most recent call last):
  File "/root/crossboarder/product_crawl.py", line 506, in crawl_one_product
    self._init_browser() # Ensure browser is ready
    ^^^^^^^^^^^^^^^^^^^^
  File "/root/crossboarder/product_crawl.py", line 93, in _init_browser
    os_platform = platform.system().lower()
                  ^^^^^^^^
NameError: name 'platform' is not defined. Did you forget to import 'platform'

[2025-05-16 14:42:30-product_crawl.py][log-194]--Starting crawl for single product: https://www.amazon.com/-/zh/s?bbn=16225008011&rh=i%3Aspecialty-aps%2Cn%3A%2116225008011%2Cn%3A229563&ref_=nav_em__nav_desktop_sa_intl_education_reference_0_2_23_8
[2025-05-16 14:42:30-product_crawl.py][_init_browser-78]--Initializing browser...
[2025-05-16 14:42:30-product_crawl.py][_init_browser-95]--Operating System: linux
[2025-05-16 14:42:30-product_crawl.py][_init_browser-171]--No suitable local ChromeDriver found or specified. Attempting automatic download by Selenium Manager...
[2025-05-16 14:42:31-product_crawl.py][_init_browser-174]--Using automatically managed ChromeDriver.
[2025-05-16 14:42:31-product_crawl.py][_init_browser-177]--Browser initialized successfully.
[2025-05-16 14:43:22-product_crawl.py][log-196]--Timeout loading product page: https://www.amazon.com/-/zh/s?bbn=16225008011&rh=i%3Aspecialty-aps%2Cn%3A%2116225008011%2Cn%3A229563&ref_=nav_em__nav_desktop_sa_intl_education_reference_0_2_23_8
[2025-05-16 14:43:22-product_crawl.py][log-196]--Failed to extract details for: https://www.amazon.com/-/zh/s?bbn=16225008011&rh=i%3Aspecialty-aps%2Cn%3A%2116225008011%2Cn%3A229563&ref_=nav_em__nav_desktop_sa_intl_education_reference_0_2_23_8
[2025-05-16 14:43:22-product_crawl.py][log-194]--Browser quit successfully.
[2025-05-16 14:45:18-product_crawl.py][log-194]--Starting crawl for single product: https://www.amazon.com/-/zh/s?bbn=16225008011&rh=i%3Aspecialty-aps%2Cn%3A%2116225008011%2Cn%3A229563&ref_=nav_em__nav_desktop_sa_intl_education_reference_0_2_23_8
[2025-05-16 14:45:18-product_crawl.py][_init_browser-78]--Initializing browser...
[2025-05-16 14:45:18-product_crawl.py][_init_browser-95]--Operating System: linux
[2025-05-16 14:45:18-product_crawl.py][_init_browser-171]--No suitable local ChromeDriver found or specified. Attempting automatic download by Selenium Manager...
[2025-05-16 14:45:18-product_crawl.py][_init_browser-174]--Using automatically managed ChromeDriver.
[2025-05-16 14:45:18-product_crawl.py][_init_browser-177]--Browser initialized successfully.
[2025-05-16 14:46:09-product_crawl.py][log-196]--Timeout loading product page: https://www.amazon.com/-/zh/s?bbn=16225008011&rh=i%3Aspecialty-aps%2Cn%3A%2116225008011%2Cn%3A229563&ref_=nav_em__nav_desktop_sa_intl_education_reference_0_2_23_8
[2025-05-16 14:46:09-product_crawl.py][log-196]--Failed to extract details for: https://www.amazon.com/-/zh/s?bbn=16225008011&rh=i%3Aspecialty-aps%2Cn%3A%2116225008011%2Cn%3A229563&ref_=nav_em__nav_desktop_sa_intl_education_reference_0_2_23_8
[2025-05-16 14:46:09-product_crawl.py][log-194]--Browser quit successfully.
